{
  "C:\\Users\\saragon\\projects\\password-form-test\\src\\components\\IconButton\\styles.ts": {
    "path": "C:\\Users\\saragon\\projects\\password-form-test\\src\\components\\IconButton\\styles.ts",
    "statementMap": {
      "0": {
        "start": {
          "line": 5,
          "column": 26
        },
        "end": {
          "line": 7,
          "column": 1
        }
      },
      "1": {
        "start": {
          "line": 5,
          "column": 71
        },
        "end": {
          "line": 5,
          "column": 76
        }
      },
      "2": {
        "start": {
          "line": 6,
          "column": 22
        },
        "end": {
          "line": 6,
          "column": 33
        }
      },
      "3": {
        "start": {
          "line": 9,
          "column": 32
        },
        "end": {
          "line": 13,
          "column": 1
        }
      },
      "4": {
        "start": {
          "line": 10,
          "column": 36
        },
        "end": {
          "line": 10,
          "column": 41
        }
      },
      "5": {
        "start": {
          "line": 12,
          "column": 24
        },
        "end": {
          "line": 12,
          "column": 45
        }
      }
    },
    "fnMap": {
      "0": {
        "name": "(anonymous_0)",
        "decl": {
          "start": {
            "line": 5,
            "column": 43
          },
          "end": {
            "line": 5,
            "column": 44
          }
        },
        "loc": {
          "start": {
            "line": 5,
            "column": 71
          },
          "end": {
            "line": 5,
            "column": 76
          }
        },
        "line": 5
      },
      "1": {
        "name": "(anonymous_1)",
        "decl": {
          "start": {
            "line": 6,
            "column": 11
          },
          "end": {
            "line": 6,
            "column": 12
          }
        },
        "loc": {
          "start": {
            "line": 6,
            "column": 22
          },
          "end": {
            "line": 6,
            "column": 33
          }
        },
        "line": 6
      },
      "2": {
        "name": "(anonymous_2)",
        "decl": {
          "start": {
            "line": 10,
            "column": 2
          },
          "end": {
            "line": 10,
            "column": 3
          }
        },
        "loc": {
          "start": {
            "line": 10,
            "column": 36
          },
          "end": {
            "line": 10,
            "column": 41
          }
        },
        "line": 10
      },
      "3": {
        "name": "(anonymous_3)",
        "decl": {
          "start": {
            "line": 12,
            "column": 13
          },
          "end": {
            "line": 12,
            "column": 14
          }
        },
        "loc": {
          "start": {
            "line": 12,
            "column": 24
          },
          "end": {
            "line": 12,
            "column": 45
          }
        },
        "line": 12
      }
    },
    "branchMap": {
      "0": {
        "loc": {
          "start": {
            "line": 12,
            "column": 24
          },
          "end": {
            "line": 12,
            "column": 45
          }
        },
        "type": "binary-expr",
        "locations": [
          {
            "start": {
              "line": 12,
              "column": 24
            },
            "end": {
              "line": 12,
              "column": 38
            }
          },
          {
            "start": {
              "line": 12,
              "column": 42
            },
            "end": {
              "line": 12,
              "column": 45
            }
          }
        ],
        "line": 12
      }
    },
    "s": {
      "0": 15,
      "1": 38,
      "2": 38,
      "3": 15,
      "4": 38,
      "5": 38
    },
    "f": {
      "0": 38,
      "1": 38,
      "2": 38,
      "3": 38
    },
    "b": {
      "0": [
        38,
        19
      ]
    },
    "_coverageSchema": "1a1c01bbd47fc00a2c39e90264f33305004495a9",
    "hash": "172730ffdf0cf38fd855ccbb23ac2bc664a96728"
  },
  "C:\\Users\\saragon\\projects\\password-form-test\\src\\components\\IconButton\\index.tsx": {
    "path": "C:\\Users\\saragon\\projects\\password-form-test\\src\\components\\IconButton\\index.tsx",
    "statementMap": {
      "0": {
        "start": {
          "line": 5,
          "column": 46
        },
        "end": {
          "line": 26,
          "column": 1
        }
      },
      "1": {
        "start": {
          "line": 14,
          "column": 6
        },
        "end": {
          "line": 14,
          "column": 11
        }
      },
      "2": {
        "start": {
          "line": 16,
          "column": 2
        },
        "end": {
          "line": 25,
          "column": 4
        }
      }
    },
    "fnMap": {
      "0": {
        "name": "(anonymous_0)",
        "decl": {
          "start": {
            "line": 5,
            "column": 46
          },
          "end": {
            "line": 5,
            "column": 47
          }
        },
        "loc": {
          "start": {
            "line": 5,
            "column": 74
          },
          "end": {
            "line": 26,
            "column": 1
          }
        },
        "line": 5
      }
    },
    "branchMap": {},
    "s": {
      "0": 15,
      "1": 38,
      "2": 38
    },
    "f": {
      "0": 38
    },
    "b": {},
    "_coverageSchema": "1a1c01bbd47fc00a2c39e90264f33305004495a9",
    "hash": "477b1315c58d516c51f404925cb8031b718d030b"
  },
  "C:\\Users\\saragon\\projects\\password-form-test\\src\\components\\LanguageSelector\\index.tsx": {
    "path": "C:\\Users\\saragon\\projects\\password-form-test\\src\\components\\LanguageSelector\\index.tsx",
    "statementMap": {
      "0": {
        "start": {
          "line": 7,
          "column": 25
        },
        "end": {
          "line": 39,
          "column": 1
        }
      },
      "1": {
        "start": {
          "line": 8,
          "column": 19
        },
        "end": {
          "line": 8,
          "column": 35
        }
      },
      "2": {
        "start": {
          "line": 10,
          "column": 25
        },
        "end": {
          "line": 15,
          "column": 3
        }
      },
      "3": {
        "start": {
          "line": 11,
          "column": 4
        },
        "end": {
          "line": 14,
          "column": 5
        }
      },
      "4": {
        "start": {
          "line": 12,
          "column": 6
        },
        "end": {
          "line": 12,
          "column": 36
        }
      },
      "5": {
        "start": {
          "line": 13,
          "column": 6
        },
        "end": {
          "line": 13,
          "column": 20
        }
      },
      "6": {
        "start": {
          "line": 17,
          "column": 2
        },
        "end": {
          "line": 38,
          "column": 4
        }
      },
      "7": {
        "start": {
          "line": 26,
          "column": 23
        },
        "end": {
          "line": 26,
          "column": 43
        }
      },
      "8": {
        "start": {
          "line": 35,
          "column": 23
        },
        "end": {
          "line": 35,
          "column": 43
        }
      }
    },
    "fnMap": {
      "0": {
        "name": "(anonymous_0)",
        "decl": {
          "start": {
            "line": 7,
            "column": 25
          },
          "end": {
            "line": 7,
            "column": 26
          }
        },
        "loc": {
          "start": {
            "line": 7,
            "column": 31
          },
          "end": {
            "line": 39,
            "column": 1
          }
        },
        "line": 7
      },
      "1": {
        "name": "(anonymous_1)",
        "decl": {
          "start": {
            "line": 10,
            "column": 25
          },
          "end": {
            "line": 10,
            "column": 26
          }
        },
        "loc": {
          "start": {
            "line": 10,
            "column": 47
          },
          "end": {
            "line": 15,
            "column": 3
          }
        },
        "line": 10
      },
      "2": {
        "name": "(anonymous_2)",
        "decl": {
          "start": {
            "line": 26,
            "column": 17
          },
          "end": {
            "line": 26,
            "column": 18
          }
        },
        "loc": {
          "start": {
            "line": 26,
            "column": 23
          },
          "end": {
            "line": 26,
            "column": 43
          }
        },
        "line": 26
      },
      "3": {
        "name": "(anonymous_3)",
        "decl": {
          "start": {
            "line": 35,
            "column": 17
          },
          "end": {
            "line": 35,
            "column": 18
          }
        },
        "loc": {
          "start": {
            "line": 35,
            "column": 23
          },
          "end": {
            "line": 35,
            "column": 43
          }
        },
        "line": 35
      }
    },
    "branchMap": {
      "0": {
        "loc": {
          "start": {
            "line": 11,
            "column": 4
          },
          "end": {
            "line": 14,
            "column": 5
          }
        },
        "type": "if",
        "locations": [
          {
            "start": {
              "line": 11,
              "column": 4
            },
            "end": {
              "line": 14,
              "column": 5
            }
          },
          {
            "start": {
              "line": 11,
              "column": 4
            },
            "end": {
              "line": 14,
              "column": 5
            }
          }
        ],
        "line": 11
      },
      "1": {
        "loc": {
          "start": {
            "line": 21,
            "column": 18
          },
          "end": {
            "line": 21,
            "column": 69
          }
        },
        "type": "binary-expr",
        "locations": [
          {
            "start": {
              "line": 21,
              "column": 18
            },
            "end": {
              "line": 21,
              "column": 40
            }
          },
          {
            "start": {
              "line": 21,
              "column": 44
            },
            "end": {
              "line": 21,
              "column": 69
            }
          }
        ],
        "line": 21
      },
      "2": {
        "loc": {
          "start": {
            "line": 30,
            "column": 18
          },
          "end": {
            "line": 30,
            "column": 69
          }
        },
        "type": "binary-expr",
        "locations": [
          {
            "start": {
              "line": 30,
              "column": 18
            },
            "end": {
              "line": 30,
              "column": 40
            }
          },
          {
            "start": {
              "line": 30,
              "column": 44
            },
            "end": {
              "line": 30,
              "column": 69
            }
          }
        ],
        "line": 30
      }
    },
    "s": {
      "0": 15,
      "1": 19,
      "2": 19,
      "3": 4,
      "4": 4,
      "5": 4,
      "6": 19,
      "7": 0,
      "8": 4
    },
    "f": {
      "0": 19,
      "1": 4,
      "2": 0,
      "3": 4
    },
    "b": {
      "0": [
        4,
        0
      ],
      "1": [
        19,
        19
      ],
      "2": [
        19,
        15
      ]
    },
    "_coverageSchema": "1a1c01bbd47fc00a2c39e90264f33305004495a9",
    "hash": "1ee256005b11dc8c5eb19d63a9a82d00ab356bc1"
  },
  "C:\\Users\\saragon\\projects\\password-form-test\\src\\constants\\passwordForm\\index.ts": {
    "path": "C:\\Users\\saragon\\projects\\password-form-test\\src\\constants\\passwordForm\\index.ts",
    "statementMap": {
      "0": {
        "start": {
          "line": 1,
          "column": 33
        },
        "end": {
          "line": 1,
          "column": 34
        }
      },
      "1": {
        "start": {
          "line": 2,
          "column": 33
        },
        "end": {
          "line": 2,
          "column": 34
        }
      },
      "2": {
        "start": {
          "line": 3,
          "column": 35
        },
        "end": {
          "line": 3,
          "column": 36
        }
      }
    },
    "fnMap": {},
    "branchMap": {},
    "s": {
      "0": 15,
      "1": 15,
      "2": 15
    },
    "f": {},
    "b": {},
    "_coverageSchema": "1a1c01bbd47fc00a2c39e90264f33305004495a9",
    "hash": "3cf1c5cfef656e567698d9eb0e71578c5e8103f9"
  },
  "C:\\Users\\saragon\\projects\\password-form-test\\src\\components\\CustomText\\types.ts": {
    "path": "C:\\Users\\saragon\\projects\\password-form-test\\src\\components\\CustomText\\types.ts",
    "statementMap": {
      "0": {
        "start": {
          "line": 7,
          "column": 32
        },
        "end": {
          "line": 15,
          "column": 1
        }
      }
    },
    "fnMap": {},
    "branchMap": {},
    "s": {
      "0": 15
    },
    "f": {},
    "b": {},
    "_coverageSchema": "1a1c01bbd47fc00a2c39e90264f33305004495a9",
    "hash": "6bf53d31bc204fef0028d2681c044fffc315898b"
  },
  "C:\\Users\\saragon\\projects\\password-form-test\\src\\components\\CustomText\\logic.ts": {
    "path": "C:\\Users\\saragon\\projects\\password-form-test\\src\\components\\CustomText\\logic.ts",
    "statementMap": {
      "0": {
        "start": {
          "line": 8,
          "column": 33
        },
        "end": {
          "line": 12,
          "column": 1
        }
      },
      "1": {
        "start": {
          "line": 11,
          "column": 2
        },
        "end": {
          "line": 11,
          "column": 42
        }
      },
      "2": {
        "start": {
          "line": 14,
          "column": 52
        },
        "end": {
          "line": 18,
          "column": 1
        }
      },
      "3": {
        "start": {
          "line": 15,
          "column": 2
        },
        "end": {
          "line": 17,
          "column": 39
        }
      },
      "4": {
        "start": {
          "line": 16,
          "column": 4
        },
        "end": {
          "line": 16,
          "column": 28
        }
      },
      "5": {
        "start": {
          "line": 17,
          "column": 9
        },
        "end": {
          "line": 17,
          "column": 39
        }
      }
    },
    "fnMap": {
      "0": {
        "name": "(anonymous_0)",
        "decl": {
          "start": {
            "line": 8,
            "column": 33
          },
          "end": {
            "line": 8,
            "column": 34
          }
        },
        "loc": {
          "start": {
            "line": 10,
            "column": 35
          },
          "end": {
            "line": 12,
            "column": 1
          }
        },
        "line": 10
      },
      "1": {
        "name": "(anonymous_1)",
        "decl": {
          "start": {
            "line": 14,
            "column": 52
          },
          "end": {
            "line": 14,
            "column": 53
          }
        },
        "loc": {
          "start": {
            "line": 14,
            "column": 78
          },
          "end": {
            "line": 18,
            "column": 1
          }
        },
        "line": 14
      }
    },
    "branchMap": {
      "0": {
        "loc": {
          "start": {
            "line": 15,
            "column": 2
          },
          "end": {
            "line": 17,
            "column": 39
          }
        },
        "type": "if",
        "locations": [
          {
            "start": {
              "line": 15,
              "column": 2
            },
            "end": {
              "line": 17,
              "column": 39
            }
          },
          {
            "start": {
              "line": 15,
              "column": 2
            },
            "end": {
              "line": 17,
              "column": 39
            }
          }
        ],
        "line": 15
      }
    },
    "s": {
      "0": 15,
      "1": 522,
      "2": 15,
      "3": 522,
      "4": 519,
      "5": 3
    },
    "f": {
      "0": 522,
      "1": 522
    },
    "b": {
      "0": [
        519,
        3
      ]
    },
    "_coverageSchema": "1a1c01bbd47fc00a2c39e90264f33305004495a9",
    "hash": "f60b4b5c38d9a1d42937527ca9385cbba625e48a"
  },
  "C:\\Users\\saragon\\projects\\password-form-test\\src\\components\\CustomText\\styles.ts": {
    "path": "C:\\Users\\saragon\\projects\\password-form-test\\src\\components\\CustomText\\styles.ts",
    "statementMap": {
      "0": {
        "start": {
          "line": 5,
          "column": 32
        },
        "end": {
          "line": 16,
          "column": 1
        }
      },
      "1": {
        "start": {
          "line": 6,
          "column": 36
        },
        "end": {
          "line": 6,
          "column": 41
        }
      },
      "2": {
        "start": {
          "line": 8,
          "column": 22
        },
        "end": {
          "line": 8,
          "column": 39
        }
      },
      "3": {
        "start": {
          "line": 9,
          "column": 28
        },
        "end": {
          "line": 9,
          "column": 44
        }
      },
      "4": {
        "start": {
          "line": 10,
          "column": 26
        },
        "end": {
          "line": 10,
          "column": 40
        }
      },
      "5": {
        "start": {
          "line": 11,
          "column": 27
        },
        "end": {
          "line": 11,
          "column": 42
        }
      },
      "6": {
        "start": {
          "line": 12,
          "column": 28
        },
        "end": {
          "line": 12,
          "column": 44
        }
      },
      "7": {
        "start": {
          "line": 13,
          "column": 31
        },
        "end": {
          "line": 13,
          "column": 50
        }
      },
      "8": {
        "start": {
          "line": 14,
          "column": 28
        },
        "end": {
          "line": 14,
          "column": 44
        }
      },
      "9": {
        "start": {
          "line": 15,
          "column": 27
        },
        "end": {
          "line": 15,
          "column": 38
        }
      }
    },
    "fnMap": {
      "0": {
        "name": "(anonymous_0)",
        "decl": {
          "start": {
            "line": 6,
            "column": 2
          },
          "end": {
            "line": 6,
            "column": 3
          }
        },
        "loc": {
          "start": {
            "line": 6,
            "column": 36
          },
          "end": {
            "line": 6,
            "column": 41
          }
        },
        "line": 6
      },
      "1": {
        "name": "(anonymous_1)",
        "decl": {
          "start": {
            "line": 8,
            "column": 11
          },
          "end": {
            "line": 8,
            "column": 12
          }
        },
        "loc": {
          "start": {
            "line": 8,
            "column": 22
          },
          "end": {
            "line": 8,
            "column": 39
          }
        },
        "line": 8
      },
      "2": {
        "name": "(anonymous_2)",
        "decl": {
          "start": {
            "line": 9,
            "column": 17
          },
          "end": {
            "line": 9,
            "column": 18
          }
        },
        "loc": {
          "start": {
            "line": 9,
            "column": 28
          },
          "end": {
            "line": 9,
            "column": 44
          }
        },
        "line": 9
      },
      "3": {
        "name": "(anonymous_3)",
        "decl": {
          "start": {
            "line": 10,
            "column": 15
          },
          "end": {
            "line": 10,
            "column": 16
          }
        },
        "loc": {
          "start": {
            "line": 10,
            "column": 26
          },
          "end": {
            "line": 10,
            "column": 40
          }
        },
        "line": 10
      },
      "4": {
        "name": "(anonymous_4)",
        "decl": {
          "start": {
            "line": 11,
            "column": 16
          },
          "end": {
            "line": 11,
            "column": 17
          }
        },
        "loc": {
          "start": {
            "line": 11,
            "column": 27
          },
          "end": {
            "line": 11,
            "column": 42
          }
        },
        "line": 11
      },
      "5": {
        "name": "(anonymous_5)",
        "decl": {
          "start": {
            "line": 12,
            "column": 17
          },
          "end": {
            "line": 12,
            "column": 18
          }
        },
        "loc": {
          "start": {
            "line": 12,
            "column": 28
          },
          "end": {
            "line": 12,
            "column": 44
          }
        },
        "line": 12
      },
      "6": {
        "name": "(anonymous_6)",
        "decl": {
          "start": {
            "line": 13,
            "column": 20
          },
          "end": {
            "line": 13,
            "column": 21
          }
        },
        "loc": {
          "start": {
            "line": 13,
            "column": 31
          },
          "end": {
            "line": 13,
            "column": 50
          }
        },
        "line": 13
      },
      "7": {
        "name": "(anonymous_7)",
        "decl": {
          "start": {
            "line": 14,
            "column": 17
          },
          "end": {
            "line": 14,
            "column": 18
          }
        },
        "loc": {
          "start": {
            "line": 14,
            "column": 28
          },
          "end": {
            "line": 14,
            "column": 44
          }
        },
        "line": 14
      },
      "8": {
        "name": "(anonymous_8)",
        "decl": {
          "start": {
            "line": 15,
            "column": 16
          },
          "end": {
            "line": 15,
            "column": 17
          }
        },
        "loc": {
          "start": {
            "line": 15,
            "column": 27
          },
          "end": {
            "line": 15,
            "column": 38
          }
        },
        "line": 15
      }
    },
    "branchMap": {},
    "s": {
      "0": 15,
      "1": 522,
      "2": 522,
      "3": 522,
      "4": 522,
      "5": 522,
      "6": 522,
      "7": 522,
      "8": 522,
      "9": 522
    },
    "f": {
      "0": 522,
      "1": 522,
      "2": 522,
      "3": 522,
      "4": 522,
      "5": 522,
      "6": 522,
      "7": 522,
      "8": 522
    },
    "b": {},
    "_coverageSchema": "1a1c01bbd47fc00a2c39e90264f33305004495a9",
    "hash": "a438f53e7a050aab1e5fc023320c009e5cd5c0c5"
  },
  "C:\\Users\\saragon\\projects\\password-form-test\\src\\components\\CustomText\\index.tsx": {
    "path": "C:\\Users\\saragon\\projects\\password-form-test\\src\\components\\CustomText\\index.tsx",
    "statementMap": {
      "0": {
        "start": {
          "line": 6,
          "column": 46
        },
        "end": {
          "line": 24,
          "column": 1
        }
      },
      "1": {
        "start": {
          "line": 7,
          "column": 53
        },
        "end": {
          "line": 7,
          "column": 58
        }
      },
      "2": {
        "start": {
          "line": 8,
          "column": 69
        },
        "end": {
          "line": 8,
          "column": 74
        }
      },
      "3": {
        "start": {
          "line": 10,
          "column": 2
        },
        "end": {
          "line": 23,
          "column": 4
        }
      },
      "4": {
        "start": {
          "line": 26,
          "column": 0
        },
        "end": {
          "line": 35,
          "column": 2
        }
      }
    },
    "fnMap": {
      "0": {
        "name": "(anonymous_0)",
        "decl": {
          "start": {
            "line": 6,
            "column": 46
          },
          "end": {
            "line": 6,
            "column": 47
          }
        },
        "loc": {
          "start": {
            "line": 6,
            "column": 74
          },
          "end": {
            "line": 24,
            "column": 1
          }
        },
        "line": 6
      }
    },
    "branchMap": {
      "0": {
        "loc": {
          "start": {
            "line": 19,
            "column": 24
          },
          "end": {
            "line": 19,
            "column": 51
          }
        },
        "type": "cond-expr",
        "locations": [
          {
            "start": {
              "line": 19,
              "column": 32
            },
            "end": {
              "line": 19,
              "column": 37
            }
          },
          {
            "start": {
              "line": 19,
              "column": 40
            },
            "end": {
              "line": 19,
              "column": 51
            }
          }
        ],
        "line": 19
      }
    },
    "s": {
      "0": 15,
      "1": 522,
      "2": 522,
      "3": 522,
      "4": 15
    },
    "f": {
      "0": 522
    },
    "b": {
      "0": [
        522,
        0
      ]
    },
    "_coverageSchema": "1a1c01bbd47fc00a2c39e90264f33305004495a9",
    "hash": "de3c5accda7a02cac6c23a57b2d4676e212a1e37"
  },
  "C:\\Users\\saragon\\projects\\password-form-test\\src\\components\\TextWithIcon\\styles.ts": {
    "path": "C:\\Users\\saragon\\projects\\password-form-test\\src\\components\\TextWithIcon\\styles.ts",
    "statementMap": {
      "0": {
        "start": {
          "line": 3,
          "column": 31
        },
        "end": {
          "line": 6,
          "column": 1
        }
      }
    },
    "fnMap": {},
    "branchMap": {},
    "s": {
      "0": 15
    },
    "f": {},
    "b": {},
    "_coverageSchema": "1a1c01bbd47fc00a2c39e90264f33305004495a9",
    "hash": "3acf6775fddca28ac98453eff1fea3a8c1e6854e"
  },
  "C:\\Users\\saragon\\projects\\password-form-test\\src\\components\\TextWithIcon\\index.tsx": {
    "path": "C:\\Users\\saragon\\projects\\password-form-test\\src\\components\\TextWithIcon\\index.tsx",
    "statementMap": {
      "0": {
        "start": {
          "line": 7,
          "column": 50
        },
        "end": {
          "line": 30,
          "column": 1
        }
      },
      "1": {
        "start": {
          "line": 10,
          "column": 25
        },
        "end": {
          "line": 10,
          "column": 30
        }
      },
      "2": {
        "start": {
          "line": 11,
          "column": 15
        },
        "end": {
          "line": 11,
          "column": 19
        }
      },
      "3": {
        "start": {
          "line": 13,
          "column": 16
        },
        "end": {
          "line": 13,
          "column": 26
        }
      },
      "4": {
        "start": {
          "line": 14,
          "column": 20
        },
        "end": {
          "line": 14,
          "column": 75
        }
      },
      "5": {
        "start": {
          "line": 16,
          "column": 2
        },
        "end": {
          "line": 29,
          "column": 4
        }
      }
    },
    "fnMap": {
      "0": {
        "name": "(anonymous_0)",
        "decl": {
          "start": {
            "line": 7,
            "column": 50
          },
          "end": {
            "line": 7,
            "column": 51
          }
        },
        "loc": {
          "start": {
            "line": 9,
            "column": 5
          },
          "end": {
            "line": 30,
            "column": 1
          }
        },
        "line": 9
      }
    },
    "branchMap": {
      "0": {
        "loc": {
          "start": {
            "line": 19,
            "column": 9
          },
          "end": {
            "line": 23,
            "column": 9
          }
        },
        "type": "cond-expr",
        "locations": [
          {
            "start": {
              "line": 20,
              "column": 10
            },
            "end": {
              "line": 20,
              "column": 51
            }
          },
          {
            "start": {
              "line": 22,
              "column": 10
            },
            "end": {
              "line": 22,
              "column": 36
            }
          }
        ],
        "line": 19
      }
    },
    "s": {
      "0": 15,
      "1": 44,
      "2": 44,
      "3": 44,
      "4": 44,
      "5": 44
    },
    "f": {
      "0": 44
    },
    "b": {
      "0": [
        44,
        0
      ]
    },
    "_coverageSchema": "1a1c01bbd47fc00a2c39e90264f33305004495a9",
    "hash": "7838663f09be5e13e346bff8663791f99ca7de91"
  },
  "C:\\Users\\saragon\\projects\\password-form-test\\src\\screens\\FormView\\components\\WizardContent\\styles.ts": {
    "path": "C:\\Users\\saragon\\projects\\password-form-test\\src\\screens\\FormView\\components\\WizardContent\\styles.ts",
    "statementMap": {
      "0": {
        "start": {
          "line": 4,
          "column": 33
        },
        "end": {
          "line": 6,
          "column": 1
        }
      },
      "1": {
        "start": {
          "line": 8,
          "column": 29
        },
        "end": {
          "line": 42,
          "column": 1
        }
      },
      "2": {
        "start": {
          "line": 28,
          "column": 15
        },
        "end": {
          "line": 28,
          "column": 49
        }
      },
      "3": {
        "start": {
          "line": 44,
          "column": 25
        },
        "end": {
          "line": 60,
          "column": 1
        }
      },
      "4": {
        "start": {
          "line": 45,
          "column": 33
        },
        "end": {
          "line": 45,
          "column": 62
        }
      },
      "5": {
        "start": {
          "line": 54,
          "column": 15
        },
        "end": {
          "line": 54,
          "column": 49
        }
      }
    },
    "fnMap": {
      "0": {
        "name": "(anonymous_0)",
        "decl": {
          "start": {
            "line": 28,
            "column": 4
          },
          "end": {
            "line": 28,
            "column": 5
          }
        },
        "loc": {
          "start": {
            "line": 28,
            "column": 15
          },
          "end": {
            "line": 28,
            "column": 49
          }
        },
        "line": 28
      },
      "1": {
        "name": "(anonymous_1)",
        "decl": {
          "start": {
            "line": 45,
            "column": 22
          },
          "end": {
            "line": 45,
            "column": 23
          }
        },
        "loc": {
          "start": {
            "line": 45,
            "column": 33
          },
          "end": {
            "line": 45,
            "column": 62
          }
        },
        "line": 45
      },
      "2": {
        "name": "(anonymous_2)",
        "decl": {
          "start": {
            "line": 54,
            "column": 4
          },
          "end": {
            "line": 54,
            "column": 5
          }
        },
        "loc": {
          "start": {
            "line": 54,
            "column": 15
          },
          "end": {
            "line": 54,
            "column": 49
          }
        },
        "line": 54
      }
    },
    "branchMap": {},
    "s": {
      "0": 15,
      "1": 15,
      "2": 1145,
      "3": 15,
      "4": 35,
      "5": 35
    },
    "f": {
      "0": 1145,
      "1": 35,
      "2": 35
    },
    "b": {},
    "_coverageSchema": "1a1c01bbd47fc00a2c39e90264f33305004495a9",
    "hash": "7f42e688db0ab7ea6be1fd3eb1ba339d2e0dfd12"
  },
  "C:\\Users\\saragon\\projects\\password-form-test\\src\\components\\CustomInputError\\styles.ts": {
    "path": "C:\\Users\\saragon\\projects\\password-form-test\\src\\components\\CustomInputError\\styles.ts",
    "statementMap": {
      "0": {
        "start": {
          "line": 4,
          "column": 36
        },
        "end": {
          "line": 9,
          "column": 1
        }
      }
    },
    "fnMap": {},
    "branchMap": {},
    "s": {
      "0": 15
    },
    "f": {},
    "b": {},
    "_coverageSchema": "1a1c01bbd47fc00a2c39e90264f33305004495a9",
    "hash": "b7642d570965f8a08d195f6675e7ecaa9660a08f"
  },
  "C:\\Users\\saragon\\projects\\password-form-test\\src\\components\\CustomInputError\\index.tsx": {
    "path": "C:\\Users\\saragon\\projects\\password-form-test\\src\\components\\CustomInputError\\index.tsx",
    "statementMap": {
      "0": {
        "start": {
          "line": 5,
          "column": 58
        },
        "end": {
          "line": 11,
          "column": 1
        }
      },
      "1": {
        "start": {
          "line": 8,
          "column": 21
        },
        "end": {
          "line": 8,
          "column": 26
        }
      },
      "2": {
        "start": {
          "line": 10,
          "column": 2
        },
        "end": {
          "line": 10,
          "column": 63
        }
      }
    },
    "fnMap": {
      "0": {
        "name": "(anonymous_0)",
        "decl": {
          "start": {
            "line": 5,
            "column": 58
          },
          "end": {
            "line": 5,
            "column": 59
          }
        },
        "loc": {
          "start": {
            "line": 7,
            "column": 5
          },
          "end": {
            "line": 11,
            "column": 1
          }
        },
        "line": 7
      }
    },
    "branchMap": {},
    "s": {
      "0": 15,
      "1": 321,
      "2": 321
    },
    "f": {
      "0": 321
    },
    "b": {},
    "_coverageSchema": "1a1c01bbd47fc00a2c39e90264f33305004495a9",
    "hash": "41cca2b3950999998bf46d18d6a1ce867f4b38d2"
  },
  "C:\\Users\\saragon\\projects\\password-form-test\\src\\components\\CustomCheckInput\\styles.ts": {
    "path": "C:\\Users\\saragon\\projects\\password-form-test\\src\\components\\CustomCheckInput\\styles.ts",
    "statementMap": {
      "0": {
        "start": {
          "line": 4,
          "column": 38
        },
        "end": {
          "line": 12,
          "column": 1
        }
      },
      "1": {
        "start": {
          "line": 5,
          "column": 22
        },
        "end": {
          "line": 5,
          "column": 56
        }
      }
    },
    "fnMap": {
      "0": {
        "name": "(anonymous_0)",
        "decl": {
          "start": {
            "line": 5,
            "column": 11
          },
          "end": {
            "line": 5,
            "column": 12
          }
        },
        "loc": {
          "start": {
            "line": 5,
            "column": 22
          },
          "end": {
            "line": 5,
            "column": 56
          }
        },
        "line": 5
      }
    },
    "branchMap": {},
    "s": {
      "0": 15,
      "1": 114
    },
    "f": {
      "0": 114
    },
    "b": {},
    "_coverageSchema": "1a1c01bbd47fc00a2c39e90264f33305004495a9",
    "hash": "cc733f03011897c1fbea7f2b91e8e4854f419391"
  },
  "C:\\Users\\saragon\\projects\\password-form-test\\src\\components\\CustomCheckInput\\index.tsx": {
    "path": "C:\\Users\\saragon\\projects\\password-form-test\\src\\components\\CustomCheckInput\\index.tsx",
    "statementMap": {
      "0": {
        "start": {
          "line": 7,
          "column": 58
        },
        "end": {
          "line": 23,
          "column": 1
        }
      },
      "1": {
        "start": {
          "line": 10,
          "column": 51
        },
        "end": {
          "line": 10,
          "column": 56
        }
      },
      "2": {
        "start": {
          "line": 12,
          "column": 2
        },
        "end": {
          "line": 22,
          "column": 4
        }
      }
    },
    "fnMap": {
      "0": {
        "name": "(anonymous_0)",
        "decl": {
          "start": {
            "line": 7,
            "column": 58
          },
          "end": {
            "line": 7,
            "column": 59
          }
        },
        "loc": {
          "start": {
            "line": 9,
            "column": 5
          },
          "end": {
            "line": 23,
            "column": 1
          }
        },
        "line": 9
      }
    },
    "branchMap": {
      "0": {
        "loc": {
          "start": {
            "line": 20,
            "column": 7
          },
          "end": {
            "line": 20,
            "column": 53
          }
        },
        "type": "binary-expr",
        "locations": [
          {
            "start": {
              "line": 20,
              "column": 7
            },
            "end": {
              "line": 20,
              "column": 13
            }
          },
          {
            "start": {
              "line": 20,
              "column": 17
            },
            "end": {
              "line": 20,
              "column": 53
            }
          }
        ],
        "line": 20
      }
    },
    "s": {
      "0": 15,
      "1": 114,
      "2": 114
    },
    "f": {
      "0": 114
    },
    "b": {
      "0": [
        114,
        2
      ]
    },
    "_coverageSchema": "1a1c01bbd47fc00a2c39e90264f33305004495a9",
    "hash": "98e1ad930f8c703e5b7fbfd3ead7548054c4e790"
  },
  "C:\\Users\\saragon\\projects\\password-form-test\\src\\components\\CustomButton\\styles.ts": {
    "path": "C:\\Users\\saragon\\projects\\password-form-test\\src\\components\\CustomButton\\styles.ts",
    "statementMap": {
      "0": {
        "start": {
          "line": 5,
          "column": 25
        },
        "end": {
          "line": 35,
          "column": 1
        }
      },
      "1": {
        "start": {
          "line": 5,
          "column": 73
        },
        "end": {
          "line": 5,
          "column": 78
        }
      },
      "2": {
        "start": {
          "line": 7,
          "column": 35
        },
        "end": {
          "line": 7,
          "column": 56
        }
      },
      "3": {
        "start": {
          "line": 8,
          "column": 24
        },
        "end": {
          "line": 8,
          "column": 39
        }
      },
      "4": {
        "start": {
          "line": 19,
          "column": 37
        },
        "end": {
          "line": 19,
          "column": 58
        }
      },
      "5": {
        "start": {
          "line": 20,
          "column": 26
        },
        "end": {
          "line": 20,
          "column": 41
        }
      },
      "6": {
        "start": {
          "line": 30,
          "column": 26
        },
        "end": {
          "line": 30,
          "column": 41
        }
      },
      "7": {
        "start": {
          "line": 31,
          "column": 37
        },
        "end": {
          "line": 31,
          "column": 58
        }
      }
    },
    "fnMap": {
      "0": {
        "name": "(anonymous_0)",
        "decl": {
          "start": {
            "line": 5,
            "column": 46
          },
          "end": {
            "line": 5,
            "column": 47
          }
        },
        "loc": {
          "start": {
            "line": 5,
            "column": 73
          },
          "end": {
            "line": 5,
            "column": 78
          }
        },
        "line": 5
      },
      "1": {
        "name": "(anonymous_1)",
        "decl": {
          "start": {
            "line": 7,
            "column": 24
          },
          "end": {
            "line": 7,
            "column": 25
          }
        },
        "loc": {
          "start": {
            "line": 7,
            "column": 35
          },
          "end": {
            "line": 7,
            "column": 56
          }
        },
        "line": 7
      },
      "2": {
        "name": "(anonymous_2)",
        "decl": {
          "start": {
            "line": 8,
            "column": 13
          },
          "end": {
            "line": 8,
            "column": 14
          }
        },
        "loc": {
          "start": {
            "line": 8,
            "column": 24
          },
          "end": {
            "line": 8,
            "column": 39
          }
        },
        "line": 8
      },
      "3": {
        "name": "(anonymous_3)",
        "decl": {
          "start": {
            "line": 19,
            "column": 26
          },
          "end": {
            "line": 19,
            "column": 27
          }
        },
        "loc": {
          "start": {
            "line": 19,
            "column": 37
          },
          "end": {
            "line": 19,
            "column": 58
          }
        },
        "line": 19
      },
      "4": {
        "name": "(anonymous_4)",
        "decl": {
          "start": {
            "line": 20,
            "column": 15
          },
          "end": {
            "line": 20,
            "column": 16
          }
        },
        "loc": {
          "start": {
            "line": 20,
            "column": 26
          },
          "end": {
            "line": 20,
            "column": 41
          }
        },
        "line": 20
      },
      "5": {
        "name": "(anonymous_5)",
        "decl": {
          "start": {
            "line": 30,
            "column": 15
          },
          "end": {
            "line": 30,
            "column": 16
          }
        },
        "loc": {
          "start": {
            "line": 30,
            "column": 26
          },
          "end": {
            "line": 30,
            "column": 41
          }
        },
        "line": 30
      },
      "6": {
        "name": "(anonymous_6)",
        "decl": {
          "start": {
            "line": 31,
            "column": 26
          },
          "end": {
            "line": 31,
            "column": 27
          }
        },
        "loc": {
          "start": {
            "line": 31,
            "column": 37
          },
          "end": {
            "line": 31,
            "column": 58
          }
        },
        "line": 31
      }
    },
    "branchMap": {},
    "s": {
      "0": 15,
      "1": 260,
      "2": 260,
      "3": 260,
      "4": 260,
      "5": 260,
      "6": 260,
      "7": 260
    },
    "f": {
      "0": 260,
      "1": 260,
      "2": 260,
      "3": 260,
      "4": 260,
      "5": 260,
      "6": 260
    },
    "b": {},
    "_coverageSchema": "1a1c01bbd47fc00a2c39e90264f33305004495a9",
    "hash": "b148fd754384c54c4937d403ccbf4464e462323f"
  },
  "C:\\Users\\saragon\\projects\\password-form-test\\src\\components\\CustomButton\\index.tsx": {
    "path": "C:\\Users\\saragon\\projects\\password-form-test\\src\\components\\CustomButton\\index.tsx",
    "statementMap": {
      "0": {
        "start": {
          "line": 5,
          "column": 50
        },
        "end": {
          "line": 17,
          "column": 1
        }
      },
      "1": {
        "start": {
          "line": 8,
          "column": 25
        },
        "end": {
          "line": 8,
          "column": 30
        }
      },
      "2": {
        "start": {
          "line": 9,
          "column": 15
        },
        "end": {
          "line": 9,
          "column": 19
        }
      },
      "3": {
        "start": {
          "line": 11,
          "column": 2
        },
        "end": {
          "line": 16,
          "column": 4
        }
      }
    },
    "fnMap": {
      "0": {
        "name": "(anonymous_0)",
        "decl": {
          "start": {
            "line": 5,
            "column": 50
          },
          "end": {
            "line": 5,
            "column": 51
          }
        },
        "loc": {
          "start": {
            "line": 7,
            "column": 5
          },
          "end": {
            "line": 17,
            "column": 1
          }
        },
        "line": 7
      }
    },
    "branchMap": {
      "0": {
        "loc": {
          "start": {
            "line": 12,
            "column": 37
          },
          "end": {
            "line": 12,
            "column": 74
          }
        },
        "type": "cond-expr",
        "locations": [
          {
            "start": {
              "line": 12,
              "column": 58
            },
            "end": {
              "line": 12,
              "column": 69
            }
          },
          {
            "start": {
              "line": 12,
              "column": 72
            },
            "end": {
              "line": 12,
              "column": 74
            }
          }
        ],
        "line": 12
      },
      "1": {
        "loc": {
          "start": {
            "line": 14,
            "column": 7
          },
          "end": {
            "line": 14,
            "column": 23
          }
        },
        "type": "binary-expr",
        "locations": [
          {
            "start": {
              "line": 14,
              "column": 7
            },
            "end": {
              "line": 14,
              "column": 11
            }
          },
          {
            "start": {
              "line": 14,
              "column": 15
            },
            "end": {
              "line": 14,
              "column": 23
            }
          }
        ],
        "line": 14
      }
    },
    "s": {
      "0": 15,
      "1": 260,
      "2": 260,
      "3": 260
    },
    "f": {
      "0": 260
    },
    "b": {
      "0": [
        260,
        0
      ],
      "1": [
        260,
        260
      ]
    },
    "_coverageSchema": "1a1c01bbd47fc00a2c39e90264f33305004495a9",
    "hash": "3ba69ae30f3073322360ee24e05531f134c92739"
  },
  "C:\\Users\\saragon\\projects\\password-form-test\\src\\components\\CustomLink\\styles.ts": {
    "path": "C:\\Users\\saragon\\projects\\password-form-test\\src\\components\\CustomLink\\styles.ts",
    "statementMap": {
      "0": {
        "start": {
          "line": 3,
          "column": 20
        },
        "end": {
          "line": 10,
          "column": 1
        }
      }
    },
    "fnMap": {},
    "branchMap": {},
    "s": {
      "0": 15
    },
    "f": {},
    "b": {},
    "_coverageSchema": "1a1c01bbd47fc00a2c39e90264f33305004495a9",
    "hash": "66050aaef642b0bf7636ae7c03ac80377aae0ec9"
  },
  "C:\\Users\\saragon\\projects\\password-form-test\\src\\components\\CustomLink\\index.tsx": {
    "path": "C:\\Users\\saragon\\projects\\password-form-test\\src\\components\\CustomLink\\index.tsx",
    "statementMap": {
      "0": {
        "start": {
          "line": 6,
          "column": 46
        },
        "end": {
          "line": 16,
          "column": 1
        }
      },
      "1": {
        "start": {
          "line": 7,
          "column": 32
        },
        "end": {
          "line": 7,
          "column": 37
        }
      },
      "2": {
        "start": {
          "line": 8,
          "column": 15
        },
        "end": {
          "line": 8,
          "column": 19
        }
      },
      "3": {
        "start": {
          "line": 10,
          "column": 2
        },
        "end": {
          "line": 15,
          "column": 4
        }
      }
    },
    "fnMap": {
      "0": {
        "name": "(anonymous_0)",
        "decl": {
          "start": {
            "line": 6,
            "column": 46
          },
          "end": {
            "line": 6,
            "column": 47
          }
        },
        "loc": {
          "start": {
            "line": 6,
            "column": 74
          },
          "end": {
            "line": 16,
            "column": 1
          }
        },
        "line": 6
      }
    },
    "branchMap": {
      "0": {
        "loc": {
          "start": {
            "line": 13,
            "column": 7
          },
          "end": {
            "line": 13,
            "column": 54
          }
        },
        "type": "binary-expr",
        "locations": [
          {
            "start": {
              "line": 13,
              "column": 7
            },
            "end": {
              "line": 13,
              "column": 11
            }
          },
          {
            "start": {
              "line": 13,
              "column": 15
            },
            "end": {
              "line": 13,
              "column": 54
            }
          }
        ],
        "line": 13
      }
    },
    "s": {
      "0": 15,
      "1": 166,
      "2": 166,
      "3": 166
    },
    "f": {
      "0": 166
    },
    "b": {
      "0": [
        166,
        3
      ]
    },
    "_coverageSchema": "1a1c01bbd47fc00a2c39e90264f33305004495a9",
    "hash": "5f9febc09f6f9b8d575592c28aa4a7367fe0fb31"
  },
  "C:\\Users\\saragon\\projects\\password-form-test\\src\\screens\\FormView\\components\\WizardFooter\\styles.ts": {
    "path": "C:\\Users\\saragon\\projects\\password-form-test\\src\\screens\\FormView\\components\\WizardFooter\\styles.ts",
    "statementMap": {
      "0": {
        "start": {
          "line": 4,
          "column": 32
        },
        "end": {
          "line": 12,
          "column": 1
        }
      },
      "1": {
        "start": {
          "line": 5,
          "column": 37
        },
        "end": {
          "line": 5,
          "column": 75
        }
      },
      "2": {
        "start": {
          "line": 9,
          "column": 15
        },
        "end": {
          "line": 9,
          "column": 49
        }
      },
      "3": {
        "start": {
          "line": 14,
          "column": 38
        },
        "end": {
          "line": 18,
          "column": 1
        }
      }
    },
    "fnMap": {
      "0": {
        "name": "(anonymous_0)",
        "decl": {
          "start": {
            "line": 5,
            "column": 26
          },
          "end": {
            "line": 5,
            "column": 27
          }
        },
        "loc": {
          "start": {
            "line": 5,
            "column": 37
          },
          "end": {
            "line": 5,
            "column": 75
          }
        },
        "line": 5
      },
      "1": {
        "name": "(anonymous_1)",
        "decl": {
          "start": {
            "line": 9,
            "column": 4
          },
          "end": {
            "line": 9,
            "column": 5
          }
        },
        "loc": {
          "start": {
            "line": 9,
            "column": 15
          },
          "end": {
            "line": 9,
            "column": 49
          }
        },
        "line": 9
      }
    },
    "branchMap": {},
    "s": {
      "0": 15,
      "1": 260,
      "2": 260,
      "3": 15
    },
    "f": {
      "0": 260,
      "1": 260
    },
    "b": {},
    "_coverageSchema": "1a1c01bbd47fc00a2c39e90264f33305004495a9",
    "hash": "5d143060e146828eb09af2b1870d149b0560f476"
  },
  "C:\\Users\\saragon\\projects\\password-form-test\\src\\screens\\FormView\\components\\WizardFooter\\index.tsx": {
    "path": "C:\\Users\\saragon\\projects\\password-form-test\\src\\screens\\FormView\\components\\WizardFooter\\index.tsx",
    "statementMap": {
      "0": {
        "start": {
          "line": 10,
          "column": 50
        },
        "end": {
          "line": 46,
          "column": 1
        }
      },
      "1": {
        "start": {
          "line": 13,
          "column": 43
        },
        "end": {
          "line": 13,
          "column": 48
        }
      },
      "2": {
        "start": {
          "line": 14,
          "column": 19
        },
        "end": {
          "line": 14,
          "column": 35
        }
      },
      "3": {
        "start": {
          "line": 15,
          "column": 16
        },
        "end": {
          "line": 15,
          "column": 26
        }
      },
      "4": {
        "start": {
          "line": 17,
          "column": 2
        },
        "end": {
          "line": 45,
          "column": 4
        }
      },
      "5": {
        "start": {
          "line": 36,
          "column": 27
        },
        "end": {
          "line": 36,
          "column": 31
        }
      }
    },
    "fnMap": {
      "0": {
        "name": "(anonymous_0)",
        "decl": {
          "start": {
            "line": 10,
            "column": 50
          },
          "end": {
            "line": 10,
            "column": 51
          }
        },
        "loc": {
          "start": {
            "line": 12,
            "column": 5
          },
          "end": {
            "line": 46,
            "column": 1
          }
        },
        "line": 12
      },
      "1": {
        "name": "(anonymous_1)",
        "decl": {
          "start": {
            "line": 36,
            "column": 21
          },
          "end": {
            "line": 36,
            "column": 22
          }
        },
        "loc": {
          "start": {
            "line": 36,
            "column": 27
          },
          "end": {
            "line": 36,
            "column": 31
          }
        },
        "line": 36
      }
    },
    "branchMap": {
      "0": {
        "loc": {
          "start": {
            "line": 20,
            "column": 9
          },
          "end": {
            "line": 28,
            "column": 9
          }
        },
        "type": "binary-expr",
        "locations": [
          {
            "start": {
              "line": 20,
              "column": 9
            },
            "end": {
              "line": 20,
              "column": 22
            }
          },
          {
            "start": {
              "line": 21,
              "column": 10
            },
            "end": {
              "line": 27,
              "column": 17
            }
          }
        ],
        "line": 20
      }
    },
    "s": {
      "0": 15,
      "1": 260,
      "2": 260,
      "3": 260,
      "4": 260,
      "5": 20
    },
    "f": {
      "0": 260,
      "1": 20
    },
    "b": {
      "0": [
        260,
        163
      ]
    },
    "_coverageSchema": "1a1c01bbd47fc00a2c39e90264f33305004495a9",
    "hash": "10bb34e703a0ea752da19232e61c08f56c025e31"
  },
  "C:\\Users\\saragon\\projects\\password-form-test\\src\\services\\i18n\\index.tsx": {
    "path": "C:\\Users\\saragon\\projects\\password-form-test\\src\\services\\i18n\\index.tsx",
    "statementMap": {
      "0": {
        "start": {
          "line": 6,
          "column": 19
        },
        "end": {
          "line": 6,
          "column": 70
        }
      },
      "1": {
        "start": {
          "line": 8,
          "column": 0
        },
        "end": {
          "line": 30,
          "column": 5
        }
      }
    },
    "fnMap": {},
    "branchMap": {},
    "s": {
      "0": 15,
      "1": 15
    },
    "f": {},
    "b": {},
    "_coverageSchema": "1a1c01bbd47fc00a2c39e90264f33305004495a9",
    "hash": "91dba022a2315730fcbd53c0df3146ce22e7bd0e"
  },
  "C:\\Users\\saragon\\projects\\password-form-test\\src\\store\\constants\\passwordForm\\index.tsx": {
    "path": "C:\\Users\\saragon\\projects\\password-form-test\\src\\store\\constants\\passwordForm\\index.tsx",
    "statementMap": {
      "0": {
        "start": {
          "line": 1,
          "column": 31
        },
        "end": {
          "line": 1,
          "column": 48
        }
      },
      "1": {
        "start": {
          "line": 2,
          "column": 27
        },
        "end": {
          "line": 2,
          "column": 40
        }
      },
      "2": {
        "start": {
          "line": 3,
          "column": 28
        },
        "end": {
          "line": 3,
          "column": 42
        }
      },
      "3": {
        "start": {
          "line": 4,
          "column": 33
        },
        "end": {
          "line": 4,
          "column": 52
        }
      },
      "4": {
        "start": {
          "line": 5,
          "column": 35
        },
        "end": {
          "line": 5,
          "column": 56
        }
      },
      "5": {
        "start": {
          "line": 6,
          "column": 40
        },
        "end": {
          "line": 6,
          "column": 66
        }
      },
      "6": {
        "start": {
          "line": 7,
          "column": 24
        },
        "end": {
          "line": 7,
          "column": 33
        }
      },
      "7": {
        "start": {
          "line": 8,
          "column": 25
        },
        "end": {
          "line": 8,
          "column": 36
        }
      },
      "8": {
        "start": {
          "line": 9,
          "column": 30
        },
        "end": {
          "line": 9,
          "column": 46
        }
      },
      "9": {
        "start": {
          "line": 10,
          "column": 31
        },
        "end": {
          "line": 10,
          "column": 48
        }
      },
      "10": {
        "start": {
          "line": 11,
          "column": 26
        },
        "end": {
          "line": 11,
          "column": 38
        }
      }
    },
    "fnMap": {},
    "branchMap": {},
    "s": {
      "0": 15,
      "1": 15,
      "2": 15,
      "3": 15,
      "4": 15,
      "5": 15,
      "6": 15,
      "7": 15,
      "8": 15,
      "9": 15,
      "10": 15
    },
    "f": {},
    "b": {},
    "_coverageSchema": "1a1c01bbd47fc00a2c39e90264f33305004495a9",
    "hash": "238c003c88f89962f831cdf7835c9c8f6c18f9f9"
  },
  "C:\\Users\\saragon\\projects\\password-form-test\\src\\screens\\FormView\\components\\WizardContent\\FirstStep\\Form\\index.tsx": {
    "path": "C:\\Users\\saragon\\projects\\password-form-test\\src\\screens\\FormView\\components\\WizardContent\\FirstStep\\Form\\index.tsx",
    "statementMap": {
      "0": {
        "start": {
          "line": 15,
          "column": 23
        },
        "end": {
          "line": 68,
          "column": 1
        }
      },
      "1": {
        "start": {
          "line": 16,
          "column": 19
        },
        "end": {
          "line": 16,
          "column": 32
        }
      },
      "2": {
        "start": {
          "line": 18,
          "column": 27
        },
        "end": {
          "line": 20,
          "column": 3
        }
      },
      "3": {
        "start": {
          "line": 19,
          "column": 26
        },
        "end": {
          "line": 19,
          "column": 62
        }
      },
      "4": {
        "start": {
          "line": 22,
          "column": 24
        },
        "end": {
          "line": 24,
          "column": 3
        }
      },
      "5": {
        "start": {
          "line": 26,
          "column": 17
        },
        "end": {
          "line": 30,
          "column": 4
        }
      },
      "6": {
        "start": {
          "line": 32,
          "column": 19
        },
        "end": {
          "line": 35,
          "column": 3
        }
      },
      "7": {
        "start": {
          "line": 33,
          "column": 4
        },
        "end": {
          "line": 33,
          "column": 62
        }
      },
      "8": {
        "start": {
          "line": 34,
          "column": 4
        },
        "end": {
          "line": 34,
          "column": 68
        }
      },
      "9": {
        "start": {
          "line": 37,
          "column": 55
        },
        "end": {
          "line": 42,
          "column": 4
        }
      },
      "10": {
        "start": {
          "line": 44,
          "column": 2
        },
        "end": {
          "line": 67,
          "column": 4
        }
      },
      "11": {
        "start": {
          "line": 52,
          "column": 12
        },
        "end": {
          "line": 61,
          "column": 14
        }
      },
      "12": {
        "start": {
          "line": 56,
          "column": 16
        },
        "end": {
          "line": 56,
          "column": 46
        }
      }
    },
    "fnMap": {
      "0": {
        "name": "(anonymous_0)",
        "decl": {
          "start": {
            "line": 15,
            "column": 23
          },
          "end": {
            "line": 15,
            "column": 24
          }
        },
        "loc": {
          "start": {
            "line": 15,
            "column": 29
          },
          "end": {
            "line": 68,
            "column": 1
          }
        },
        "line": 15
      },
      "1": {
        "name": "(anonymous_1)",
        "decl": {
          "start": {
            "line": 19,
            "column": 4
          },
          "end": {
            "line": 19,
            "column": 5
          }
        },
        "loc": {
          "start": {
            "line": 19,
            "column": 26
          },
          "end": {
            "line": 19,
            "column": 62
          }
        },
        "line": 19
      },
      "2": {
        "name": "(anonymous_2)",
        "decl": {
          "start": {
            "line": 32,
            "column": 19
          },
          "end": {
            "line": 32,
            "column": 20
          }
        },
        "loc": {
          "start": {
            "line": 32,
            "column": 41
          },
          "end": {
            "line": 35,
            "column": 3
          }
        },
        "line": 32
      },
      "3": {
        "name": "(anonymous_3)",
        "decl": {
          "start": {
            "line": 51,
            "column": 18
          },
          "end": {
            "line": 51,
            "column": 19
          }
        },
        "loc": {
          "start": {
            "line": 52,
            "column": 12
          },
          "end": {
            "line": 61,
            "column": 14
          }
        },
        "line": 52
      },
      "4": {
        "name": "(anonymous_4)",
        "decl": {
          "start": {
            "line": 55,
            "column": 24
          },
          "end": {
            "line": 55,
            "column": 25
          }
        },
        "loc": {
          "start": {
            "line": 56,
            "column": 16
          },
          "end": {
            "line": 56,
            "column": 46
          }
        },
        "line": 56
      }
    },
    "branchMap": {},
    "s": {
      "0": 15,
      "1": 97,
      "2": 97,
      "3": 141,
      "4": 97,
      "5": 97,
      "6": 97,
      "7": 13,
      "8": 13,
      "9": 97,
      "10": 97,
      "11": 114,
      "12": 17
    },
    "f": {
      "0": 97,
      "1": 141,
      "2": 13,
      "3": 114,
      "4": 17
    },
    "b": {},
    "_coverageSchema": "1a1c01bbd47fc00a2c39e90264f33305004495a9",
    "hash": "2d576f7ef640d36c90cac453b685a820541df9a2"
  },
  "C:\\Users\\saragon\\projects\\password-form-test\\src\\screens\\FormView\\components\\WizardContent\\FirstStep\\styles.ts": {
    "path": "C:\\Users\\saragon\\projects\\password-form-test\\src\\screens\\FormView\\components\\WizardContent\\FirstStep\\styles.ts",
    "statementMap": {
      "0": {
        "start": {
          "line": 4,
          "column": 33
        },
        "end": {
          "line": 6,
          "column": 1
        }
      },
      "1": {
        "start": {
          "line": 8,
          "column": 33
        },
        "end": {
          "line": 15,
          "column": 1
        }
      },
      "2": {
        "start": {
          "line": 11,
          "column": 15
        },
        "end": {
          "line": 11,
          "column": 49
        }
      }
    },
    "fnMap": {
      "0": {
        "name": "(anonymous_0)",
        "decl": {
          "start": {
            "line": 11,
            "column": 4
          },
          "end": {
            "line": 11,
            "column": 5
          }
        },
        "loc": {
          "start": {
            "line": 11,
            "column": 15
          },
          "end": {
            "line": 11,
            "column": 49
          }
        },
        "line": 11
      }
    },
    "branchMap": {},
    "s": {
      "0": 15,
      "1": 15,
      "2": 44
    },
    "f": {
      "0": 44
    },
    "b": {},
    "_coverageSchema": "1a1c01bbd47fc00a2c39e90264f33305004495a9",
    "hash": "254c9c4565225f6b1fad678361db4c8f4ef4a3cd"
  },
  "C:\\Users\\saragon\\projects\\password-form-test\\src\\screens\\FormView\\components\\WizardContent\\FirstStep\\index.tsx": {
    "path": "C:\\Users\\saragon\\projects\\password-form-test\\src\\screens\\FormView\\components\\WizardContent\\FirstStep\\index.tsx",
    "statementMap": {
      "0": {
        "start": {
          "line": 15,
          "column": 28
        },
        "end": {
          "line": 74,
          "column": 1
        }
      },
      "1": {
        "start": {
          "line": 16,
          "column": 19
        },
        "end": {
          "line": 16,
          "column": 35
        }
      },
      "2": {
        "start": {
          "line": 18,
          "column": 2
        },
        "end": {
          "line": 73,
          "column": 4
        }
      }
    },
    "fnMap": {
      "0": {
        "name": "(anonymous_0)",
        "decl": {
          "start": {
            "line": 15,
            "column": 28
          },
          "end": {
            "line": 15,
            "column": 29
          }
        },
        "loc": {
          "start": {
            "line": 15,
            "column": 34
          },
          "end": {
            "line": 74,
            "column": 1
          }
        },
        "line": 15
      }
    },
    "branchMap": {},
    "s": {
      "0": 15,
      "1": 37,
      "2": 22
    },
    "f": {
      "0": 37
    },
    "b": {},
    "_coverageSchema": "1a1c01bbd47fc00a2c39e90264f33305004495a9",
    "hash": "7a70e68f239a12a3a5186b19fd5d4925ba5b7c55"
  },
  "C:\\Users\\saragon\\projects\\password-form-test\\src\\components\\CustomInput\\styles.ts": {
    "path": "C:\\Users\\saragon\\projects\\password-form-test\\src\\components\\CustomInput\\styles.ts",
    "statementMap": {
      "0": {
        "start": {
          "line": 4,
          "column": 35
        },
        "end": {
          "line": 33,
          "column": 1
        }
      },
      "1": {
        "start": {
          "line": 10,
          "column": 35
        },
        "end": {
          "line": 10,
          "column": 68
        }
      },
      "2": {
        "start": {
          "line": 16,
          "column": 35
        },
        "end": {
          "line": 16,
          "column": 68
        }
      },
      "3": {
        "start": {
          "line": 22,
          "column": 26
        },
        "end": {
          "line": 22,
          "column": 60
        }
      },
      "4": {
        "start": {
          "line": 27,
          "column": 31
        },
        "end": {
          "line": 27,
          "column": 64
        }
      },
      "5": {
        "start": {
          "line": 35,
          "column": 32
        },
        "end": {
          "line": 42,
          "column": 1
        }
      },
      "6": {
        "start": {
          "line": 37,
          "column": 24
        },
        "end": {
          "line": 37,
          "column": 58
        }
      }
    },
    "fnMap": {
      "0": {
        "name": "(anonymous_0)",
        "decl": {
          "start": {
            "line": 10,
            "column": 24
          },
          "end": {
            "line": 10,
            "column": 25
          }
        },
        "loc": {
          "start": {
            "line": 10,
            "column": 35
          },
          "end": {
            "line": 10,
            "column": 68
          }
        },
        "line": 10
      },
      "1": {
        "name": "(anonymous_1)",
        "decl": {
          "start": {
            "line": 16,
            "column": 24
          },
          "end": {
            "line": 16,
            "column": 25
          }
        },
        "loc": {
          "start": {
            "line": 16,
            "column": 35
          },
          "end": {
            "line": 16,
            "column": 68
          }
        },
        "line": 16
      },
      "2": {
        "name": "(anonymous_2)",
        "decl": {
          "start": {
            "line": 22,
            "column": 15
          },
          "end": {
            "line": 22,
            "column": 16
          }
        },
        "loc": {
          "start": {
            "line": 22,
            "column": 26
          },
          "end": {
            "line": 22,
            "column": 60
          }
        },
        "line": 22
      },
      "3": {
        "name": "(anonymous_3)",
        "decl": {
          "start": {
            "line": 27,
            "column": 20
          },
          "end": {
            "line": 27,
            "column": 21
          }
        },
        "loc": {
          "start": {
            "line": 27,
            "column": 31
          },
          "end": {
            "line": 27,
            "column": 64
          }
        },
        "line": 27
      },
      "4": {
        "name": "(anonymous_4)",
        "decl": {
          "start": {
            "line": 37,
            "column": 13
          },
          "end": {
            "line": 37,
            "column": 14
          }
        },
        "loc": {
          "start": {
            "line": 37,
            "column": 24
          },
          "end": {
            "line": 37,
            "column": 58
          }
        },
        "line": 37
      }
    },
    "branchMap": {},
    "s": {
      "0": 15,
      "1": 896,
      "2": 896,
      "3": 896,
      "4": 896,
      "5": 15,
      "6": 896
    },
    "f": {
      "0": 896,
      "1": 896,
      "2": 896,
      "3": 896,
      "4": 896
    },
    "b": {},
    "_coverageSchema": "1a1c01bbd47fc00a2c39e90264f33305004495a9",
    "hash": "23b44320aac196267756f9406287fad678c49f76"
  },
  "C:\\Users\\saragon\\projects\\password-form-test\\src\\components\\CustomInput\\index.tsx": {
    "path": "C:\\Users\\saragon\\projects\\password-form-test\\src\\components\\CustomInput\\index.tsx",
    "statementMap": {
      "0": {
        "start": {
          "line": 12,
          "column": 48
        },
        "end": {
          "line": 47,
          "column": 1
        }
      },
      "1": {
        "start": {
          "line": 13,
          "column": 67
        },
        "end": {
          "line": 13,
          "column": 72
        }
      },
      "2": {
        "start": {
          "line": 14,
          "column": 15
        },
        "end": {
          "line": 14,
          "column": 19
        }
      },
      "3": {
        "start": {
          "line": 16,
          "column": 2
        },
        "end": {
          "line": 46,
          "column": 4
        }
      }
    },
    "fnMap": {
      "0": {
        "name": "(anonymous_0)",
        "decl": {
          "start": {
            "line": 12,
            "column": 48
          },
          "end": {
            "line": 12,
            "column": 49
          }
        },
        "loc": {
          "start": {
            "line": 12,
            "column": 77
          },
          "end": {
            "line": 47,
            "column": 1
          }
        },
        "line": 12
      }
    },
    "branchMap": {
      "0": {
        "loc": {
          "start": {
            "line": 33,
            "column": 14
          },
          "end": {
            "line": 39,
            "column": 15
          }
        },
        "type": "binary-expr",
        "locations": [
          {
            "start": {
              "line": 33,
              "column": 14
            },
            "end": {
              "line": 33,
              "column": 18
            }
          },
          {
            "start": {
              "line": 34,
              "column": 16
            },
            "end": {
              "line": 38,
              "column": 33
            }
          }
        ],
        "line": 33
      },
      "1": {
        "loc": {
          "start": {
            "line": 42,
            "column": 11
          },
          "end": {
            "line": 42,
            "column": 57
          }
        },
        "type": "binary-expr",
        "locations": [
          {
            "start": {
              "line": 42,
              "column": 11
            },
            "end": {
              "line": 42,
              "column": 17
            }
          },
          {
            "start": {
              "line": 42,
              "column": 21
            },
            "end": {
              "line": 42,
              "column": 57
            }
          }
        ],
        "line": 42
      }
    },
    "s": {
      "0": 15,
      "1": 896,
      "2": 896,
      "3": 896
    },
    "f": {
      "0": 896
    },
    "b": {
      "0": [
        896,
        598
      ],
      "1": [
        896,
        319
      ]
    },
    "_coverageSchema": "1a1c01bbd47fc00a2c39e90264f33305004495a9",
    "hash": "00e60c9161bbbe64ad3d669ed827e2013d47acfe"
  },
  "C:\\Users\\saragon\\projects\\password-form-test\\src\\screens\\FormView\\components\\WizardContent\\SecondStep\\Form\\constants.ts": {
    "path": "C:\\Users\\saragon\\projects\\password-form-test\\src\\screens\\FormView\\components\\WizardContent\\SecondStep\\Form\\constants.ts",
    "statementMap": {
      "0": {
        "start": {
          "line": 1,
          "column": 35
        },
        "end": {
          "line": 1,
          "column": 36
        }
      },
      "1": {
        "start": {
          "line": 2,
          "column": 35
        },
        "end": {
          "line": 2,
          "column": 37
        }
      },
      "2": {
        "start": {
          "line": 3,
          "column": 31
        },
        "end": {
          "line": 3,
          "column": 34
        }
      }
    },
    "fnMap": {},
    "branchMap": {},
    "s": {
      "0": 15,
      "1": 15,
      "2": 15
    },
    "f": {},
    "b": {},
    "_coverageSchema": "1a1c01bbd47fc00a2c39e90264f33305004495a9",
    "hash": "015fcb4fc2ba528716c3484bb7ef28be7f93599e"
  },
  "C:\\Users\\saragon\\projects\\password-form-test\\src\\screens\\FormView\\components\\WizardContent\\SecondStep\\Form\\index.tsx": {
    "path": "C:\\Users\\saragon\\projects\\password-form-test\\src\\screens\\FormView\\components\\WizardContent\\SecondStep\\Form\\index.tsx",
    "statementMap": {
      "0": {
        "start": {
          "line": 33,
          "column": 23
        },
        "end": {
          "line": 203,
          "column": 1
        }
      },
      "1": {
        "start": {
          "line": 34,
          "column": 19
        },
        "end": {
          "line": 34,
          "column": 32
        }
      },
      "2": {
        "start": {
          "line": 35,
          "column": 19
        },
        "end": {
          "line": 35,
          "column": 35
        }
      },
      "3": {
        "start": {
          "line": 37,
          "column": 25
        },
        "end": {
          "line": 39,
          "column": 3
        }
      },
      "4": {
        "start": {
          "line": 38,
          "column": 26
        },
        "end": {
          "line": 38,
          "column": 60
        }
      },
      "5": {
        "start": {
          "line": 40,
          "column": 31
        },
        "end": {
          "line": 42,
          "column": 3
        }
      },
      "6": {
        "start": {
          "line": 41,
          "column": 26
        },
        "end": {
          "line": 41,
          "column": 66
        }
      },
      "7": {
        "start": {
          "line": 43,
          "column": 21
        },
        "end": {
          "line": 45,
          "column": 3
        }
      },
      "8": {
        "start": {
          "line": 44,
          "column": 26
        },
        "end": {
          "line": 44,
          "column": 56
        }
      },
      "9": {
        "start": {
          "line": 46,
          "column": 29
        },
        "end": {
          "line": 48,
          "column": 3
        }
      },
      "10": {
        "start": {
          "line": 47,
          "column": 26
        },
        "end": {
          "line": 47,
          "column": 64
        }
      },
      "11": {
        "start": {
          "line": 49,
          "column": 35
        },
        "end": {
          "line": 51,
          "column": 3
        }
      },
      "12": {
        "start": {
          "line": 50,
          "column": 26
        },
        "end": {
          "line": 50,
          "column": 70
        }
      },
      "13": {
        "start": {
          "line": 53,
          "column": 24
        },
        "end": {
          "line": 57,
          "column": 3
        }
      },
      "14": {
        "start": {
          "line": 59,
          "column": 17
        },
        "end": {
          "line": 79,
          "column": 4
        }
      },
      "15": {
        "start": {
          "line": 81,
          "column": 34
        },
        "end": {
          "line": 83,
          "column": 3
        }
      },
      "16": {
        "start": {
          "line": 82,
          "column": 4
        },
        "end": {
          "line": 82,
          "column": 72
        }
      },
      "17": {
        "start": {
          "line": 85,
          "column": 40
        },
        "end": {
          "line": 89,
          "column": 6
        }
      },
      "18": {
        "start": {
          "line": 86,
          "column": 4
        },
        "end": {
          "line": 89,
          "column": 6
        }
      },
      "19": {
        "start": {
          "line": 91,
          "column": 24
        },
        "end": {
          "line": 93,
          "column": 3
        }
      },
      "20": {
        "start": {
          "line": 92,
          "column": 4
        },
        "end": {
          "line": 92,
          "column": 68
        }
      },
      "21": {
        "start": {
          "line": 95,
          "column": 19
        },
        "end": {
          "line": 108,
          "column": 3
        }
      },
      "22": {
        "start": {
          "line": 96,
          "column": 4
        },
        "end": {
          "line": 96,
          "column": 61
        }
      },
      "23": {
        "start": {
          "line": 97,
          "column": 4
        },
        "end": {
          "line": 97,
          "column": 74
        }
      },
      "24": {
        "start": {
          "line": 98,
          "column": 4
        },
        "end": {
          "line": 98,
          "column": 61
        }
      },
      "25": {
        "start": {
          "line": 99,
          "column": 4
        },
        "end": {
          "line": 106,
          "column": 7
        }
      },
      "26": {
        "start": {
          "line": 107,
          "column": 4
        },
        "end": {
          "line": 107,
          "column": 70
        }
      },
      "27": {
        "start": {
          "line": 110,
          "column": 55
        },
        "end": {
          "line": 115,
          "column": 4
        }
      },
      "28": {
        "start": {
          "line": 117,
          "column": 2
        },
        "end": {
          "line": 202,
          "column": 4
        }
      },
      "29": {
        "start": {
          "line": 126,
          "column": 14
        },
        "end": {
          "line": 139,
          "column": 16
        }
      },
      "30": {
        "start": {
          "line": 150,
          "column": 14
        },
        "end": {
[...]
            "column": 5
          }
        },
        "line": 19
      },
      "2": {
        "name": "(anonymous_2)",
        "decl": {
          "start": {
            "line": 20,
            "column": 6
          },
          "end": {
            "line": 20,
            "column": 7
          }
        },
        "loc": {
          "start": {
            "line": 20,
            "column": 13
          },
          "end": {
            "line": 20,
            "column": 76
          }
        },
        "line": 20
      }
    },
    "branchMap": {
      "0": {
        "loc": {
          "start": {
            "line": 20,
            "column": 13
          },
          "end": {
            "line": 20,
            "column": 76
          }
        },
        "type": "cond-expr",
        "locations": [
          {
            "start": {
              "line": 20,
              "column": 34
            },
            "end": {
              "line": 20,
              "column": 54
            }
          },
          {
            "start": {
              "line": 20,
              "column": 57
            },
            "end": {
              "line": 20,
              "column": 76
            }
          }
        ],
        "line": 20
      }
    },
    "s": {
      "0": 15,
      "1": 15,
      "2": 15,
      "3": 15,
      "4": 7,
      "5": 7,
      "6": 3
    },
    "f": {
      "0": 7,
      "1": 7,
      "2": 3
    },
    "b": {
      "0": [
        3,
        0
      ]
    },
    "_coverageSchema": "1a1c01bbd47fc00a2c39e90264f33305004495a9",
    "hash": "2b9111ddcbf67e972f8045f01ef0d9c4a54d0052"
  },
  "C:\\Users\\saragon\\projects\\password-form-test\\src\\store\\actions\\passwordForm\\index.tsx": {
    "path": "C:\\Users\\saragon\\projects\\password-form-test\\src\\store\\actions\\passwordForm\\index.tsx",
    "statementMap": {
      "0": {
        "start": {
          "line": 17,
          "column": 29
        },
        "end": {
          "line": 22,
          "column": 1
        }
      },
      "1": {
        "start": {
          "line": 18,
          "column": 2
        },
        "end": {
          "line": 21,
          "column": 4
        }
      },
      "2": {
        "start": {
          "line": 24,
          "column": 26
        },
        "end": {
          "line": 29,
          "column": 1
        }
      },
      "3": {
        "start": {
          "line": 25,
          "column": 2
        },
        "end": {
          "line": 28,
          "column": 4
        }
      },
      "4": {
        "start": {
          "line": 31,
          "column": 27
        },
        "end": {
          "line": 36,
          "column": 1
        }
      },
      "5": {
        "start": {
          "line": 32,
          "column": 2
        },
        "end": {
          "line": 35,
          "column": 4
        }
      },
      "6": {
        "start": {
          "line": 38,
          "column": 31
        },
        "end": {
          "line": 43,
          "column": 1
        }
      },
      "7": {
        "start": {
          "line": 39,
          "column": 2
        },
        "end": {
          "line": 42,
          "column": 4
        }
      },
      "8": {
        "start": {
          "line": 45,
          "column": 33
        },
        "end": {
          "line": 50,
          "column": 1
        }
      },
      "9": {
        "start": {
          "line": 46,
          "column": 2
        },
        "end": {
          "line": 49,
          "column": 4
        }
      },
      "10": {
        "start": {
          "line": 52,
          "column": 37
        },
        "end": {
          "line": 57,
          "column": 1
        }
      },
      "11": {
        "start": {
          "line": 53,
          "column": 2
        },
        "end": {
          "line": 56,
          "column": 4
        }
      },
      "12": {
        "start": {
          "line": 59,
          "column": 23
        },
        "end": {
          "line": 64,
          "column": 1
        }
      },
      "13": {
        "start": {
          "line": 60,
          "column": 2
        },
        "end": {
          "line": 63,
          "column": 4
        }
      },
      "14": {
        "start": {
          "line": 66,
          "column": 24
        },
        "end": {
          "line": 79,
          "column": 1
        }
      },
      "15": {
        "start": {
          "line": 71,
          "column": 2
        },
        "end": {
          "line": 78,
          "column": 4
        }
      },
      "16": {
        "start": {
          "line": 81,
          "column": 28
        },
        "end": {
          "line": 83,
          "column": 1
        }
      },
      "17": {
        "start": {
          "line": 82,
          "column": 2
        },
        "end": {
          "line": 82,
          "column": 34
        }
      },
      "18": {
        "start": {
          "line": 85,
          "column": 29
        },
        "end": {
          "line": 87,
          "column": 1
        }
      },
      "19": {
        "start": {
          "line": 86,
          "column": 2
        },
        "end": {
          "line": 86,
          "column": 35
        }
      },
      "20": {
        "start": {
          "line": 89,
          "column": 25
        },
        "end": {
          "line": 91,
          "column": 1
        }
      },
      "21": {
        "start": {
          "line": 90,
          "column": 2
        },
        "end": {
          "line": 90,
          "column": 30
        }
      }
    },
    "fnMap": {
      "0": {
        "name": "(anonymous_0)",
        "decl": {
          "start": {
            "line": 17,
            "column": 29
          },
          "end": {
            "line": 17,
            "column": 30
          }
        },
        "loc": {
          "start": {
            "line": 17,
            "column": 62
          },
          "end": {
            "line": 22,
            "column": 1
          }
        },
        "line": 17
      },
      "1": {
        "name": "(anonymous_1)",
        "decl": {
          "start": {
            "line": 24,
            "column": 26
          },
          "end": {
            "line": 24,
            "column": 27
          }
        },
        "loc": {
          "start": {
            "line": 24,
            "column": 61
          },
          "end": {
            "line": 29,
            "column": 1
          }
        },
        "line": 24
      },
      "2": {
        "name": "(anonymous_2)",
        "decl": {
          "start": {
            "line": 31,
            "column": 27
          },
          "end": {
            "line": 31,
            "column": 28
          }
        },
        "loc": {
          "start": {
            "line": 31,
            "column": 62
          },
          "end": {
            "line": 36,
            "column": 1
          }
        },
        "line": 31
      },
      "3": {
        "name": "(anonymous_3)",
        "decl": {
          "start": {
            "line": 38,
            "column": 31
          },
          "end": {
            "line": 38,
            "column": 32
          }
        },
        "loc": {
          "start": {
            "line": 38,
            "column": 66
          },
          "end": {
            "line": 43,
            "column": 1
          }
        },
        "line": 38
      },
      "4": {
        "name": "(anonymous_4)",
        "decl": {
          "start": {
            "line": 45,
            "column": 33
          },
          "end": {
            "line": 45,
            "column": 34
          }
        },
        "loc": {
          "start": {
            "line": 45,
            "column": 74
          },
          "end": {
            "line": 50,
            "column": 1
          }
        },
        "line": 45
      },
      "5": {
        "name": "(anonymous_5)",
        "decl": {
          "start": {
            "line": 52,
            "column": 37
          },
          "end": {
            "line": 52,
            "column": 38
          }
        },
        "loc": {
          "start": {
            "line": 52,
            "column": 72
          },
          "end": {
            "line": 57,
            "column": 1
          }
        },
        "line": 52
      },
      "6": {
        "name": "(anonymous_6)",
        "decl": {
          "start": {
            "line": 59,
            "column": 23
          },
          "end": {
            "line": 59,
            "column": 24
          }
        },
        "loc": {
          "start": {
            "line": 59,
            "column": 54
          },
          "end": {
            "line": 64,
            "column": 1
          }
        },
        "line": 59
      },
      "7": {
        "name": "(anonymous_7)",
        "decl": {
          "start": {
            "line": 66,
            "column": 24
          },
          "end": {
            "line": 66,
            "column": 25
          }
        },
        "loc": {
          "start": {
            "line": 70,
            "column": 18
          },
          "end": {
            "line": 79,
            "column": 1
          }
        },
        "line": 70
      },
      "8": {
        "name": "(anonymous_8)",
        "decl": {
          "start": {
            "line": 81,
            "column": 28
          },
          "end": {
            "line": 81,
            "column": 29
          }
        },
        "loc": {
          "start": {
            "line": 81,
            "column": 47
          },
          "end": {
            "line": 83,
            "column": 1
          }
        },
        "line": 81
      },
      "9": {
        "name": "(anonymous_9)",
        "decl": {
          "start": {
            "line": 85,
            "column": 29
          },
          "end": {
            "line": 85,
            "column": 30
          }
        },
        "loc": {
          "start": {
            "line": 85,
            "column": 48
          },
          "end": {
            "line": 87,
            "column": 1
          }
        },
        "line": 85
      },
      "10": {
        "name": "(anonymous_10)",
        "decl": {
          "start": {
            "line": 89,
            "column": 25
          },
          "end": {
            "line": 89,
            "column": 26
          }
        },
        "loc": {
          "start": {
            "line": 89,
            "column": 44
          },
          "end": {
            "line": 91,
            "column": 1
          }
        },
        "line": 89
      }
    },
    "branchMap": {},
    "s": {
      "0": 15,
      "1": 0,
      "2": 15,
      "3": 0,
      "4": 15,
      "5": 0,
      "6": 15,
      "7": 0,
      "8": 15,
      "9": 0,
      "10": 15,
      "11": 0,
      "12": 15,
      "13": 0,
      "14": 15,
      "15": 0,
      "16": 15,
      "17": 3,
      "18": 15,
      "19": 0,
      "20": 15,
      "21": 0
    },
    "f": {
      "0": 0,
      "1": 0,
      "2": 0,
      "3": 0,
      "4": 0,
      "5": 0,
      "6": 0,
      "7": 0,
      "8": 3,
      "9": 0,
      "10": 0
    },
    "b": {},
    "_coverageSchema": "1a1c01bbd47fc00a2c39e90264f33305004495a9",
    "hash": "57d542b6ad5288b485082ff7758c1ed39897c9ca"
  },
  "C:\\Users\\saragon\\projects\\password-form-test\\src\\store\\sagas\\passwordForm\\postForm.ts": {
    "path": "C:\\Users\\saragon\\projects\\password-form-test\\src\\store\\sagas\\passwordForm\\postForm.ts",
    "statementMap": {
      "0": {
        "start": {
          "line": 8,
          "column": 2
        },
        "end": {
          "line": 20,
          "column": 3
        }
      },
      "1": {
        "start": {
          "line": 9,
          "column": 39
        },
        "end": {
          "line": 14,
          "column": 5
        }
      },
      "2": {
        "start": {
          "line": 16,
          "column": 4
        },
        "end": {
          "line": 17,
          "column": 36
        }
      },
      "3": {
        "start": {
          "line": 16,
          "column": 18
        },
        "end": {
          "line": 16,
          "column": 44
        }
      },
      "4": {
        "start": {
          "line": 17,
          "column": 9
        },
        "end": {
          "line": 17,
          "column": 36
        }
      },
      "5": {
        "start": {
          "line": 19,
          "column": 4
        },
        "end": {
          "line": 19,
          "column": 31
        }
      },
      "6": {
        "start": {
          "line": 24,
          "column": 2
        },
        "end": {
          "line": 24,
          "column": 40
        }
      }
    },
    "fnMap": {
      "0": {
        "name": "postForm",
        "decl": {
          "start": {
            "line": 7,
            "column": 10
          },
          "end": {
            "line": 7,
            "column": 18
          }
        },
        "loc": {
          "start": {
            "line": 7,
            "column": 40
          },
          "end": {
            "line": 21,
            "column": 1
          }
        },
        "line": 7
      },
      "1": {
        "name": "(anonymous_1)",
        "decl": {
          "start": {
            "line": 23,
            "column": 15
          },
          "end": {
            "line": 23,
            "column": 16
          }
        },
        "loc": {
          "start": {
            "line": 23,
            "column": 73
          },
          "end": {
            "line": 25,
            "column": 1
          }
        },
        "line": 23
      }
    },
    "branchMap": {
      "0": {
        "loc": {
          "start": {
            "line": 16,
            "column": 4
          },
          "end": {
            "line": 17,
            "column": 36
          }
        },
        "type": "if",
        "locations": [
          {
            "start": {
              "line": 16,
              "column": 4
            },
            "end": {
              "line": 17,
              "column": 36
            }
          },
          {
            "start": {
              "line": 16,
              "column": 4
            },
            "end": {
              "line": 17,
              "column": 36
            }
          }
        ],
        "line": 16
      }
    },
    "s": {
      "0": 7,
      "1": 7,
      "2": 3,
      "3": 3,
      "4": 0,
      "5": 0,
      "6": 15
    },
    "f": {
      "0": 7,
      "1": 15
    },
    "b": {
      "0": [
        3,
        0
      ]
    },
    "_coverageSchema": "1a1c01bbd47fc00a2c39e90264f33305004495a9",
    "hash": "19e948267541a5bb317d21b11d6b5c5c4c32fe3b"
  },
  "C:\\Users\\saragon\\projects\\password-form-test\\src\\store\\sagas\\index.tsx": {
    "path": "C:\\Users\\saragon\\projects\\password-form-test\\src\\store\\sagas\\index.tsx",
    "statementMap": {
      "0": {
        "start": {
          "line": 9,
          "column": 2
        },
        "end": {
          "line": 9,
          "column": 26
        }
      }
    },
    "fnMap": {
      "0": {
        "name": "rootSaga",
        "decl": {
          "start": {
            "line": 4,
            "column": 25
          },
          "end": {
            "line": 4,
            "column": 33
          }
        },
        "loc": {
          "start": {
            "line": 8,
            "column": 2
          },
          "end": {
            "line": 10,
            "column": 1
          }
        },
        "line": 8
      }
    },
    "branchMap": {},
    "s": {
      "0": 15
    },
    "f": {
      "0": 15
    },
    "b": {},
    "_coverageSchema": "1a1c01bbd47fc00a2c39e90264f33305004495a9",
    "hash": "f102b905a9f50465b66068a844482b7039844048"
  },
  "C:\\Users\\saragon\\projects\\password-form-test\\src\\store\\configStore.tsx": {
    "path": "C:\\Users\\saragon\\projects\\password-form-test\\src\\store\\configStore.tsx",
    "statementMap": {
      "0": {
        "start": {
          "line": 7,
          "column": 23
        },
        "end": {
          "line": 7,
          "column": 45
        }
      },
      "1": {
        "start": {
          "line": 9,
          "column": 14
        },
        "end": {
          "line": 12,
          "column": 1
        }
      },
      "2": {
        "start": {
          "line": 14,
          "column": 0
        },
        "end": {
          "line": 14,
          "column": 29
        }
      },
      "3": {
        "start": {
          "line": 17,
          "column": 22
        },
        "end": {
          "line": 17,
          "column": 31
        }
      }
    },
    "fnMap": {
      "0": {
        "name": "(anonymous_0)",
        "decl": {
          "start": {
            "line": 17,
            "column": 15
          },
          "end": {
            "line": 17,
            "column": 16
          }
        },
        "loc": {
          "start": {
            "line": 17,
            "column": 22
          },
          "end": {
            "line": 17,
            "column": 31
          }
        },
        "line": 17
      }
    },
    "branchMap": {},
    "s": {
      "0": 15,
      "1": 15,
      "2": 15,
      "3": 15
    },
    "f": {
      "0": 15
    },
    "b": {},
    "_coverageSchema": "1a1c01bbd47fc00a2c39e90264f33305004495a9",
    "hash": "58432759a81d7c693f61d63ab7962b114c371baa"
  },
  "C:\\Users\\saragon\\projects\\password-form-test\\src\\styles\\theme.ts": {
    "path": "C:\\Users\\saragon\\projects\\password-form-test\\src\\styles\\theme.ts",
    "statementMap": {
      "0": {
        "start": {
          "line": 20,
          "column": 14
        },
        "end": {
          "line": 42,
          "column": 2
        }
      }
    },
    "fnMap": {},
    "branchMap": {},
    "s": {
      "0": 15
    },
    "f": {},
    "b": {},
    "_coverageSchema": "1a1c01bbd47fc00a2c39e90264f33305004495a9",
    "hash": "55e690b464a56c5f42dcd71af4cb428ee23142b1"
  },
  "C:\\Users\\saragon\\projects\\password-form-test\\src\\screens\\App\\index.tsx": {
    "path": "C:\\Users\\saragon\\projects\\password-form-test\\src\\screens\\App\\index.tsx",
    "statementMap": {
      "0": {
        "start": {
          "line": 12,
          "column": 22
        },
        "end": {
          "line": 30,
          "column": 1
        }
      },
      "1": {
        "start": {
          "line": 13,
          "column": 20
        },
        "end": {
          "line": 13,
          "column": 36
        }
      },
      "2": {
        "start": {
          "line": 15,
          "column": 2
        },
        "end": {
          "line": 29,
          "column": 4
        }
      }
    },
    "fnMap": {
      "0": {
        "name": "(anonymous_0)",
        "decl": {
          "start": {
            "line": 12,
            "column": 22
          },
          "end": {
            "line": 12,
            "column": 23
          }
        },
        "loc": {
          "start": {
            "line": 12,
            "column": 28
          },
          "end": {
            "line": 30,
            "column": 1
          }
        },
        "line": 12
      }
    },
    "branchMap": {},
    "s": {
      "0": 15,
      "1": 15,
      "2": 15
    },
    "f": {
      "0": 15
    },
    "b": {},
    "_coverageSchema": "1a1c01bbd47fc00a2c39e90264f33305004495a9",
    "hash": "980b0cd0780500615641454ace70f1b7fc4ccc42"
  },
  "C:\\Users\\saragon\\projects\\password-form-test\\src\\index.tsx": {
    "path": "C:\\Users\\saragon\\projects\\password-form-test\\src\\index.tsx",
    "statementMap": {
      "0": {
        "start": {
          "line": 6,
          "column": 0
        },
        "end": {
          "line": 6,
          "column": 58
        }
      }
    },
    "fnMap": {},
    "branchMap": {},
    "s": {
      "0": 15
    },
    "f": {},
    "b": {},
    "_coverageSchema": "1a1c01bbd47fc00a2c39e90264f33305004495a9",
    "hash": "d5ef4f849e413740ef43d7be2e2fe781741ee75b"
  }
}